{"/home/minyao/repos/Calculator/script.js": {"path":"/home/minyao/repos/Calculator/script.js","statementMap":{"0":{"start":{"line":1,"column":19},"end":{"line":1,"column":56}},"1":{"start":{"line":2,"column":19},"end":{"line":2,"column":64}},"2":{"start":{"line":3,"column":31},"end":{"line":3,"column":76}},"3":{"start":{"line":4,"column":30},"end":{"line":4,"column":74}},"4":{"start":{"line":5,"column":13},"end":{"line":5,"column":55}},"5":{"start":{"line":7,"column":22},"end":{"line":18,"column":1}},"6":{"start":{"line":20,"column":19},"end":{"line":20,"column":23}},"7":{"start":{"line":21,"column":15},"end":{"line":21,"column":19}},"8":{"start":{"line":22,"column":15},"end":{"line":22,"column":19}},"9":{"start":{"line":26,"column":15},"end":{"line":26,"column":41}},"10":{"start":{"line":27,"column":15},"end":{"line":27,"column":42}},"11":{"start":{"line":29,"column":4},"end":{"line":29,"column":40}},"12":{"start":{"line":31,"column":4},"end":{"line":40,"column":5}},"13":{"start":{"line":33,"column":12},"end":{"line":33,"column":31}},"14":{"start":{"line":35,"column":12},"end":{"line":35,"column":31}},"15":{"start":{"line":37,"column":12},"end":{"line":37,"column":31}},"16":{"start":{"line":39,"column":12},"end":{"line":39,"column":31}},"17":{"start":{"line":45,"column":24},"end":{"line":45,"column":89}},"18":{"start":{"line":47,"column":4},"end":{"line":47,"column":98}},"19":{"start":{"line":52,"column":18},"end":{"line":52,"column":37}},"20":{"start":{"line":53,"column":4},"end":{"line":59,"column":5}},"21":{"start":{"line":54,"column":8},"end":{"line":56,"column":43}},"22":{"start":{"line":58,"column":8},"end":{"line":58,"column":33}},"23":{"start":{"line":64,"column":4},"end":{"line":64,"column":38}},"24":{"start":{"line":69,"column":19},"end":{"line":69,"column":37}},"25":{"start":{"line":70,"column":4},"end":{"line":70,"column":33}},"26":{"start":{"line":70,"column":17},"end":{"line":70,"column":33}},"27":{"start":{"line":71,"column":4},"end":{"line":76,"column":24}},"28":{"start":{"line":76,"column":6},"end":{"line":76,"column":24}},"29":{"start":{"line":79,"column":4},"end":{"line":79,"column":18}},"30":{"start":{"line":84,"column":20},"end":{"line":84,"column":35}},"31":{"start":{"line":85,"column":24},"end":{"line":85,"column":54}},"32":{"start":{"line":86,"column":24},"end":{"line":86,"column":39}},"33":{"start":{"line":89,"column":4},"end":{"line":89,"column":45}},"34":{"start":{"line":92,"column":4},"end":{"line":92,"column":40}},"35":{"start":{"line":94,"column":4},"end":{"line":101,"column":5}},"36":{"start":{"line":95,"column":8},"end":{"line":100,"column":38}},"37":{"start":{"line":103,"column":4},"end":{"line":110,"column":5}},"38":{"start":{"line":104,"column":8},"end":{"line":104,"column":81}},"39":{"start":{"line":104,"column":69},"end":{"line":104,"column":81}},"40":{"start":{"line":106,"column":8},"end":{"line":106,"column":99}},"41":{"start":{"line":106,"column":68},"end":{"line":106,"column":99}},"42":{"start":{"line":109,"column":8},"end":{"line":109,"column":26}},"43":{"start":{"line":112,"column":4},"end":{"line":114,"column":5}},"44":{"start":{"line":113,"column":8},"end":{"line":113,"column":57}},"45":{"start":{"line":116,"column":4},"end":{"line":118,"column":5}},"46":{"start":{"line":117,"column":8},"end":{"line":117,"column":19}},"47":{"start":{"line":120,"column":4},"end":{"line":132,"column":5}},"48":{"start":{"line":121,"column":8},"end":{"line":131,"column":9}},"49":{"start":{"line":126,"column":12},"end":{"line":126,"column":23}},"50":{"start":{"line":127,"column":15},"end":{"line":131,"column":9}},"51":{"start":{"line":128,"column":12},"end":{"line":128,"column":30}},"52":{"start":{"line":130,"column":12},"end":{"line":130,"column":43}},"53":{"start":{"line":134,"column":4},"end":{"line":136,"column":5}},"54":{"start":{"line":135,"column":8},"end":{"line":135,"column":32}},"55":{"start":{"line":138,"column":4},"end":{"line":141,"column":5}},"56":{"start":{"line":139,"column":8},"end":{"line":139,"column":70}},"57":{"start":{"line":139,"column":39},"end":{"line":139,"column":70}},"58":{"start":{"line":140,"column":8},"end":{"line":140,"column":26}},"59":{"start":{"line":146,"column":4},"end":{"line":153,"column":5}},"60":{"start":{"line":147,"column":8},"end":{"line":152,"column":9}},"61":{"start":{"line":149,"column":12},"end":{"line":149,"column":73}},"62":{"start":{"line":150,"column":12},"end":{"line":150,"column":32}},"63":{"start":{"line":151,"column":12},"end":{"line":151,"column":28}},"64":{"start":{"line":155,"column":4},"end":{"line":158,"column":5}},"65":{"start":{"line":156,"column":8},"end":{"line":156,"column":58}},"66":{"start":{"line":156,"column":42},"end":{"line":156,"column":58}},"67":{"start":{"line":157,"column":8},"end":{"line":157,"column":136}},"68":{"start":{"line":157,"column":75},"end":{"line":157,"column":136}},"69":{"start":{"line":160,"column":4},"end":{"line":167,"column":5}},"70":{"start":{"line":162,"column":8},"end":{"line":162,"column":57}},"71":{"start":{"line":162,"column":41},"end":{"line":162,"column":57}},"72":{"start":{"line":163,"column":8},"end":{"line":166,"column":9}},"73":{"start":{"line":164,"column":12},"end":{"line":164,"column":32}},"74":{"start":{"line":165,"column":12},"end":{"line":165,"column":28}},"75":{"start":{"line":169,"column":4},"end":{"line":174,"column":5}},"76":{"start":{"line":170,"column":8},"end":{"line":170,"column":55}},"77":{"start":{"line":171,"column":8},"end":{"line":171,"column":28}},"78":{"start":{"line":172,"column":8},"end":{"line":172,"column":24}},"79":{"start":{"line":173,"column":8},"end":{"line":173,"column":24}},"80":{"start":{"line":179,"column":19},"end":{"line":179,"column":37}},"81":{"start":{"line":180,"column":21},"end":{"line":180,"column":33}},"82":{"start":{"line":181,"column":29},"end":{"line":181,"column":37}},"83":{"start":{"line":183,"column":4},"end":{"line":198,"column":5}},"84":{"start":{"line":189,"column":8},"end":{"line":194,"column":26}},"85":{"start":{"line":196,"column":8},"end":{"line":196,"column":26}},"86":{"start":{"line":197,"column":8},"end":{"line":197,"column":28}},"87":{"start":{"line":200,"column":4},"end":{"line":213,"column":5}},"88":{"start":{"line":201,"column":8},"end":{"line":203,"column":25}},"89":{"start":{"line":205,"column":8},"end":{"line":211,"column":9}},"90":{"start":{"line":206,"column":12},"end":{"line":208,"column":78}},"91":{"start":{"line":210,"column":12},"end":{"line":210,"column":39}},"92":{"start":{"line":212,"column":8},"end":{"line":212,"column":27}},"93":{"start":{"line":218,"column":0},"end":{"line":226,"column":3}},"94":{"start":{"line":219,"column":4},"end":{"line":219,"column":44}},"95":{"start":{"line":219,"column":37},"end":{"line":219,"column":44}},"96":{"start":{"line":221,"column":16},"end":{"line":221,"column":24}},"97":{"start":{"line":222,"column":23},"end":{"line":222,"column":56}},"98":{"start":{"line":223,"column":26},"end":{"line":223,"column":68}},"99":{"start":{"line":225,"column":4},"end":{"line":225,"column":54}},"100":{"start":{"line":229,"column":0},"end":{"line":252,"column":3}},"101":{"start":{"line":231,"column":4},"end":{"line":231,"column":46}},"102":{"start":{"line":231,"column":27},"end":{"line":231,"column":46}},"103":{"start":{"line":232,"column":14},"end":{"line":232,"column":18}},"104":{"start":{"line":233,"column":20},"end":{"line":233,"column":24}},"105":{"start":{"line":234,"column":23},"end":{"line":234,"column":56}},"106":{"start":{"line":236,"column":4},"end":{"line":239,"column":5}},"107":{"start":{"line":237,"column":8},"end":{"line":237,"column":20}},"108":{"start":{"line":238,"column":8},"end":{"line":238,"column":69}},"109":{"start":{"line":241,"column":4},"end":{"line":244,"column":5}},"110":{"start":{"line":242,"column":8},"end":{"line":242,"column":35}},"111":{"start":{"line":243,"column":8},"end":{"line":243,"column":66}},"112":{"start":{"line":247,"column":4},"end":{"line":247,"column":27}},"113":{"start":{"line":247,"column":20},"end":{"line":247,"column":27}},"114":{"start":{"line":249,"column":26},"end":{"line":249,"column":74}},"115":{"start":{"line":251,"column":4},"end":{"line":251,"column":54}},"116":{"start":{"line":254,"column":0},"end":{"line":263,"column":2}}},"fnMap":{"0":{"name":"operate","decl":{"start":{"line":24,"column":9},"end":{"line":24,"column":16}},"loc":{"start":{"line":24,"column":33},"end":{"line":41,"column":1}},"line":24},"1":{"name":"lastOperationDisplay","decl":{"start":{"line":43,"column":9},"end":{"line":43,"column":29}},"loc":{"start":{"line":43,"column":65},"end":{"line":48,"column":1}},"line":43},"2":{"name":"checkPercentageNum","decl":{"start":{"line":50,"column":9},"end":{"line":50,"column":27}},"loc":{"start":{"line":50,"column":45},"end":{"line":60,"column":1}},"line":50},"3":{"name":"roundNum","decl":{"start":{"line":62,"column":9},"end":{"line":62,"column":17}},"loc":{"start":{"line":62,"column":23},"end":{"line":65,"column":1}},"line":62},"4":{"name":"getKeyType","decl":{"start":{"line":67,"column":9},"end":{"line":67,"column":19}},"loc":{"start":{"line":67,"column":25},"end":{"line":80,"column":1}},"line":67},"5":{"name":"updateDisplay","decl":{"start":{"line":82,"column":9},"end":{"line":82,"column":22}},"loc":{"start":{"line":82,"column":52},"end":{"line":142,"column":1}},"line":82},"6":{"name":"updateOperand","decl":{"start":{"line":144,"column":9},"end":{"line":144,"column":22}},"loc":{"start":{"line":144,"column":47},"end":{"line":175,"column":1}},"line":144},"7":{"name":"calculation","decl":{"start":{"line":177,"column":9},"end":{"line":177,"column":20}},"loc":{"start":{"line":177,"column":53},"end":{"line":214,"column":1}},"line":177},"8":{"name":"(anonymous_8)","decl":{"start":{"line":218,"column":32},"end":{"line":218,"column":33}},"loc":{"start":{"line":218,"column":37},"end":{"line":226,"column":1}},"line":218},"9":{"name":"(anonymous_9)","decl":{"start":{"line":229,"column":35},"end":{"line":229,"column":36}},"loc":{"start":{"line":229,"column":40},"end":{"line":252,"column":1}},"line":229}},"branchMap":{"0":{"loc":{"start":{"line":31,"column":4},"end":{"line":40,"column":5}},"type":"switch","locations":[{"start":{"line":32,"column":8},"end":{"line":33,"column":31}},{"start":{"line":34,"column":8},"end":{"line":35,"column":31}},{"start":{"line":36,"column":8},"end":{"line":37,"column":31}},{"start":{"line":38,"column":8},"end":{"line":39,"column":31}}],"line":31},"1":{"loc":{"start":{"line":53,"column":4},"end":{"line":59,"column":5}},"type":"if","locations":[{"start":{"line":53,"column":4},"end":{"line":59,"column":5}},{"start":{"line":57,"column":11},"end":{"line":59,"column":5}}],"line":53},"2":{"loc":{"start":{"line":54,"column":15},"end":{"line":56,"column":42}},"type":"cond-expr","locations":[{"start":{"line":55,"column":14},"end":{"line":55,"column":48}},{"start":{"line":56,"column":14},"end":{"line":56,"column":42}}],"line":54},"3":{"loc":{"start":{"line":70,"column":4},"end":{"line":70,"column":33}},"type":"if","locations":[{"start":{"line":70,"column":4},"end":{"line":70,"column":33}},{"start":{},"end":{}}],"line":70},"4":{"loc":{"start":{"line":71,"column":4},"end":{"line":76,"column":24}},"type":"if","locations":[{"start":{"line":71,"column":4},"end":{"line":76,"column":24}},{"start":{},"end":{}}],"line":71},"5":{"loc":{"start":{"line":72,"column":8},"end":{"line":75,"column":27}},"type":"binary-expr","locations":[{"start":{"line":72,"column":8},"end":{"line":72,"column":24}},{"start":{"line":73,"column":8},"end":{"line":73,"column":29}},{"start":{"line":74,"column":8},"end":{"line":74,"column":29}},{"start":{"line":75,"column":8},"end":{"line":75,"column":27}}],"line":72},"6":{"loc":{"start":{"line":94,"column":4},"end":{"line":101,"column":5}},"type":"if","locations":[{"start":{"line":94,"column":4},"end":{"line":101,"column":5}},{"start":{},"end":{}}],"line":94},"7":{"loc":{"start":{"line":95,"column":15},"end":{"line":100,"column":37}},"type":"cond-expr","locations":[{"start":{"line":99,"column":14},"end":{"line":99,"column":24}},{"start":{"line":100,"column":14},"end":{"line":100,"column":37}}],"line":95},"8":{"loc":{"start":{"line":95,"column":15},"end":{"line":98,"column":36}},"type":"binary-expr","locations":[{"start":{"line":95,"column":15},"end":{"line":95,"column":33}},{"start":{"line":96,"column":12},"end":{"line":96,"column":38}},{"start":{"line":97,"column":12},"end":{"line":97,"column":37}},{"start":{"line":98,"column":12},"end":{"line":98,"column":36}}],"line":95},"9":{"loc":{"start":{"line":103,"column":4},"end":{"line":110,"column":5}},"type":"if","locations":[{"start":{"line":103,"column":4},"end":{"line":110,"column":5}},{"start":{},"end":{}}],"line":103},"10":{"loc":{"start":{"line":104,"column":8},"end":{"line":104,"column":81}},"type":"if","locations":[{"start":{"line":104,"column":8},"end":{"line":104,"column":81}},{"start":{},"end":{}}],"line":104},"11":{"loc":{"start":{"line":104,"column":12},"end":{"line":104,"column":67}},"type":"binary-expr","locations":[{"start":{"line":104,"column":12},"end":{"line":104,"column":38}},{"start":{"line":104,"column":42},"end":{"line":104,"column":67}}],"line":104},"12":{"loc":{"start":{"line":106,"column":8},"end":{"line":106,"column":99}},"type":"if","locations":[{"start":{"line":106,"column":8},"end":{"line":106,"column":99}},{"start":{},"end":{}}],"line":106},"13":{"loc":{"start":{"line":106,"column":12},"end":{"line":106,"column":66}},"type":"binary-expr","locations":[{"start":{"line":106,"column":12},"end":{"line":106,"column":37}},{"start":{"line":106,"column":41},"end":{"line":106,"column":66}}],"line":106},"14":{"loc":{"start":{"line":112,"column":4},"end":{"line":114,"column":5}},"type":"if","locations":[{"start":{"line":112,"column":4},"end":{"line":114,"column":5}},{"start":{},"end":{}}],"line":112},"15":{"loc":{"start":{"line":112,"column":8},"end":{"line":112,"column":55}},"type":"binary-expr","locations":[{"start":{"line":112,"column":8},"end":{"line":112,"column":30}},{"start":{"line":112,"column":34},"end":{"line":112,"column":55}}],"line":112},"16":{"loc":{"start":{"line":116,"column":4},"end":{"line":118,"column":5}},"type":"if","locations":[{"start":{"line":116,"column":4},"end":{"line":118,"column":5}},{"start":{},"end":{}}],"line":116},"17":{"loc":{"start":{"line":120,"column":4},"end":{"line":132,"column":5}},"type":"if","locations":[{"start":{"line":120,"column":4},"end":{"line":132,"column":5}},{"start":{},"end":{}}],"line":120},"18":{"loc":{"start":{"line":121,"column":8},"end":{"line":131,"column":9}},"type":"if","locations":[{"start":{"line":121,"column":8},"end":{"line":131,"column":9}},{"start":{"line":127,"column":15},"end":{"line":131,"column":9}}],"line":121},"19":{"loc":{"start":{"line":121,"column":12},"end":{"line":124,"column":40}},"type":"binary-expr","locations":[{"start":{"line":121,"column":12},"end":{"line":121,"column":38}},{"start":{"line":122,"column":12},"end":{"line":122,"column":35}},{"start":{"line":123,"column":12},"end":{"line":123,"column":37}},{"start":{"line":124,"column":12},"end":{"line":124,"column":40}}],"line":121},"20":{"loc":{"start":{"line":127,"column":15},"end":{"line":131,"column":9}},"type":"if","locations":[{"start":{"line":127,"column":15},"end":{"line":131,"column":9}},{"start":{"line":129,"column":15},"end":{"line":131,"column":9}}],"line":127},"21":{"loc":{"start":{"line":134,"column":4},"end":{"line":136,"column":5}},"type":"if","locations":[{"start":{"line":134,"column":4},"end":{"line":136,"column":5}},{"start":{},"end":{}}],"line":134},"22":{"loc":{"start":{"line":138,"column":4},"end":{"line":141,"column":5}},"type":"if","locations":[{"start":{"line":138,"column":4},"end":{"line":141,"column":5}},{"start":{},"end":{}}],"line":138},"23":{"loc":{"start":{"line":139,"column":8},"end":{"line":139,"column":70}},"type":"if","locations":[{"start":{"line":139,"column":8},"end":{"line":139,"column":70}},{"start":{},"end":{}}],"line":139},"24":{"loc":{"start":{"line":146,"column":4},"end":{"line":153,"column":5}},"type":"if","locations":[{"start":{"line":146,"column":4},"end":{"line":153,"column":5}},{"start":{},"end":{}}],"line":146},"25":{"loc":{"start":{"line":147,"column":8},"end":{"line":152,"column":9}},"type":"if","locations":[{"start":{"line":147,"column":8},"end":{"line":152,"column":9}},{"start":{},"end":{}}],"line":147},"26":{"loc":{"start":{"line":155,"column":4},"end":{"line":158,"column":5}},"type":"if","locations":[{"start":{"line":155,"column":4},"end":{"line":158,"column":5}},{"start":{},"end":{}}],"line":155},"27":{"loc":{"start":{"line":156,"column":8},"end":{"line":156,"column":58}},"type":"if","locations":[{"start":{"line":156,"column":8},"end":{"line":156,"column":58}},{"start":{},"end":{}}],"line":156},"28":{"loc":{"start":{"line":157,"column":8},"end":{"line":157,"column":136}},"type":"if","locations":[{"start":{"line":157,"column":8},"end":{"line":157,"column":136}},{"start":{},"end":{}}],"line":157},"29":{"loc":{"start":{"line":157,"column":12},"end":{"line":157,"column":73}},"type":"binary-expr","locations":[{"start":{"line":157,"column":12},"end":{"line":157,"column":39}},{"start":{"line":157,"column":43},"end":{"line":157,"column":73}}],"line":157},"30":{"loc":{"start":{"line":160,"column":4},"end":{"line":167,"column":5}},"type":"if","locations":[{"start":{"line":160,"column":4},"end":{"line":167,"column":5}},{"start":{},"end":{}}],"line":160},"31":{"loc":{"start":{"line":162,"column":8},"end":{"line":162,"column":57}},"type":"if","locations":[{"start":{"line":162,"column":8},"end":{"line":162,"column":57}},{"start":{},"end":{}}],"line":162},"32":{"loc":{"start":{"line":163,"column":8},"end":{"line":166,"column":9}},"type":"if","locations":[{"start":{"line":163,"column":8},"end":{"line":166,"column":9}},{"start":{},"end":{}}],"line":163},"33":{"loc":{"start":{"line":169,"column":4},"end":{"line":174,"column":5}},"type":"if","locations":[{"start":{"line":169,"column":4},"end":{"line":174,"column":5}},{"start":{},"end":{}}],"line":169},"34":{"loc":{"start":{"line":183,"column":4},"end":{"line":198,"column":5}},"type":"if","locations":[{"start":{"line":183,"column":4},"end":{"line":198,"column":5}},{"start":{},"end":{}}],"line":183},"35":{"loc":{"start":{"line":184,"column":8},"end":{"line":187,"column":27}},"type":"binary-expr","locations":[{"start":{"line":184,"column":8},"end":{"line":184,"column":24}},{"start":{"line":185,"column":8},"end":{"line":185,"column":29}},{"start":{"line":186,"column":8},"end":{"line":186,"column":29}},{"start":{"line":187,"column":8},"end":{"line":187,"column":27}}],"line":184},"36":{"loc":{"start":{"line":189,"column":23},"end":{"line":194,"column":25}},"type":"cond-expr","locations":[{"start":{"line":193,"column":14},"end":{"line":193,"column":73}},{"start":{"line":194,"column":14},"end":{"line":194,"column":25}}],"line":189},"37":{"loc":{"start":{"line":189,"column":23},"end":{"line":192,"column":39}},"type":"binary-expr","locations":[{"start":{"line":189,"column":23},"end":{"line":189,"column":33}},{"start":{"line":190,"column":12},"end":{"line":190,"column":28}},{"start":{"line":191,"column":12},"end":{"line":191,"column":40}},{"start":{"line":192,"column":12},"end":{"line":192,"column":39}}],"line":189},"38":{"loc":{"start":{"line":200,"column":4},"end":{"line":213,"column":5}},"type":"if","locations":[{"start":{"line":200,"column":4},"end":{"line":213,"column":5}},{"start":{},"end":{}}],"line":200},"39":{"loc":{"start":{"line":201,"column":19},"end":{"line":203,"column":24}},"type":"cond-expr","locations":[{"start":{"line":202,"column":14},"end":{"line":202,"column":22}},{"start":{"line":203,"column":14},"end":{"line":203,"column":24}}],"line":201},"40":{"loc":{"start":{"line":201,"column":19},"end":{"line":201,"column":60}},"type":"binary-expr","locations":[{"start":{"line":201,"column":19},"end":{"line":201,"column":29}},{"start":{"line":201,"column":33},"end":{"line":201,"column":60}}],"line":201},"41":{"loc":{"start":{"line":205,"column":8},"end":{"line":211,"column":9}},"type":"if","locations":[{"start":{"line":205,"column":8},"end":{"line":211,"column":9}},{"start":{"line":209,"column":15},"end":{"line":211,"column":9}}],"line":205},"42":{"loc":{"start":{"line":206,"column":27},"end":{"line":208,"column":77}},"type":"cond-expr","locations":[{"start":{"line":207,"column":18},"end":{"line":207,"column":75}},{"start":{"line":208,"column":18},"end":{"line":208,"column":77}}],"line":206},"43":{"loc":{"start":{"line":219,"column":4},"end":{"line":219,"column":44}},"type":"if","locations":[{"start":{"line":219,"column":4},"end":{"line":219,"column":44}},{"start":{},"end":{}}],"line":219},"44":{"loc":{"start":{"line":231,"column":4},"end":{"line":231,"column":46}},"type":"if","locations":[{"start":{"line":231,"column":4},"end":{"line":231,"column":46}},{"start":{},"end":{}}],"line":231},"45":{"loc":{"start":{"line":236,"column":4},"end":{"line":239,"column":5}},"type":"if","locations":[{"start":{"line":236,"column":4},"end":{"line":239,"column":5}},{"start":{},"end":{}}],"line":236},"46":{"loc":{"start":{"line":236,"column":8},"end":{"line":236,"column":32}},"type":"binary-expr","locations":[{"start":{"line":236,"column":8},"end":{"line":236,"column":18}},{"start":{"line":236,"column":22},"end":{"line":236,"column":32}}],"line":236},"47":{"loc":{"start":{"line":241,"column":4},"end":{"line":244,"column":5}},"type":"if","locations":[{"start":{"line":241,"column":4},"end":{"line":244,"column":5}},{"start":{},"end":{}}],"line":241},"48":{"loc":{"start":{"line":247,"column":4},"end":{"line":247,"column":27}},"type":"if","locations":[{"start":{"line":247,"column":4},"end":{"line":247,"column":27}},{"start":{},"end":{}}],"line":247}},"s":{"0":1,"1":1,"2":1,"3":1,"4":1,"5":1,"6":1,"7":1,"8":1,"9":12,"10":12,"11":12,"12":12,"13":4,"14":2,"15":5,"16":1,"17":13,"18":13,"19":27,"20":27,"21":6,"22":21,"23":7,"24":13,"25":13,"26":5,"27":8,"28":1,"29":7,"30":10,"31":10,"32":10,"33":10,"34":10,"35":10,"36":4,"37":6,"38":3,"39":1,"40":2,"41":0,"42":2,"43":3,"44":0,"45":3,"46":0,"47":3,"48":3,"49":2,"50":1,"51":0,"52":1,"53":0,"54":0,"55":0,"56":0,"57":0,"58":0,"59":10,"60":4,"61":0,"62":0,"63":0,"64":10,"65":3,"66":0,"67":3,"68":1,"69":10,"70":0,"71":0,"72":0,"73":0,"74":0,"75":10,"76":0,"77":0,"78":0,"79":0,"80":6,"81":6,"82":6,"83":6,"84":3,"85":3,"86":3,"87":3,"88":3,"89":3,"90":3,"91":0,"92":3,"93":1,"94":0,"95":0,"96":0,"97":0,"98":0,"99":0,"100":1,"101":0,"102":0,"103":0,"104":0,"105":0,"106":0,"107":0,"108":0,"109":0,"110":0,"111":0,"112":0,"113":0,"114":0,"115":0,"116":1},"f":{"0":12,"1":13,"2":27,"3":7,"4":13,"5":10,"6":10,"7":6,"8":0,"9":0},"b":{"0":[4,2,5,1],"1":[6,21],"2":[3,3],"3":[5,8],"4":[1,7],"5":[8,7,7,7],"6":[4,6],"7":[3,1],"8":[4,3,2,2],"9":[3,3],"10":[1,2],"11":[3,3],"12":[0,2],"13":[2,1],"14":[0,3],"15":[3,3],"16":[0,3],"17":[3,0],"18":[2,1],"19":[3,2,2,2],"20":[0,1],"21":[0,0],"22":[0,0],"23":[0,0],"24":[4,6],"25":[0,4],"26":[3,7],"27":[0,3],"28":[1,2],"29":[3,3],"30":[0,10],"31":[0,0],"32":[0,0],"33":[0,10],"34":[3,3],"35":[6,5,5,3],"36":[2,1],"37":[3,2,2,2],"38":[3,0],"39":[2,1],"40":[3,3],"41":[3,0],"42":[2,1],"43":[0,0],"44":[0,0],"45":[0,0],"46":[0,0],"47":[0,0],"48":[0,0]},"_coverageSchema":"1a1c01bbd47fc00a2c39e90264f33305004495a9","hash":"0ef67db2e0e697c518835597c9e0bb914db7e1bc"}
}
