TN:
SF:script.js
FN:24,operate
FN:43,lastOperationDisplay
FN:50,checkPercentageNum
FN:62,roundNum
FN:67,getKeyType
FN:82,updateDisplay
FN:144,updateOperand
FN:177,calculation
FN:218,(anonymous_8)
FN:229,(anonymous_9)
FNF:10
FNH:8
FNDA:12,operate
FNDA:13,lastOperationDisplay
FNDA:27,checkPercentageNum
FNDA:7,roundNum
FNDA:13,getKeyType
FNDA:10,updateDisplay
FNDA:10,updateOperand
FNDA:6,calculation
FNDA:0,(anonymous_8)
FNDA:0,(anonymous_9)
DA:1,1
DA:2,1
DA:3,1
DA:4,1
DA:5,1
DA:7,1
DA:20,1
DA:21,1
DA:22,1
DA:26,12
DA:27,12
DA:29,12
DA:31,12
DA:33,4
DA:35,2
DA:37,5
DA:39,1
DA:45,13
DA:47,13
DA:52,27
DA:53,27
DA:54,6
DA:58,21
DA:64,7
DA:69,13
DA:70,13
DA:71,8
DA:76,1
DA:79,7
DA:84,10
DA:85,10
DA:86,10
DA:89,10
DA:92,10
DA:94,10
DA:95,4
DA:103,6
DA:104,3
DA:106,2
DA:109,2
DA:112,3
DA:113,0
DA:116,3
DA:117,0
DA:120,3
DA:121,3
DA:126,2
DA:127,1
DA:128,0
DA:130,1
DA:134,0
DA:135,0
DA:138,0
DA:139,0
DA:140,0
DA:146,10
DA:147,4
DA:149,0
DA:150,0
DA:151,0
DA:155,10
DA:156,3
DA:157,3
DA:160,10
DA:162,0
DA:163,0
DA:164,0
DA:165,0
DA:169,10
DA:170,0
DA:171,0
DA:172,0
DA:173,0
DA:179,6
DA:180,6
DA:181,6
DA:183,6
DA:189,3
DA:196,3
DA:197,3
DA:200,3
DA:201,3
DA:205,3
DA:206,3
DA:210,0
DA:212,3
DA:218,1
DA:219,0
DA:221,0
DA:222,0
DA:223,0
DA:225,0
DA:229,1
DA:231,0
DA:232,0
DA:233,0
DA:234,0
DA:236,0
DA:237,0
DA:238,0
DA:241,0
DA:242,0
DA:243,0
DA:247,0
DA:249,0
DA:251,0
DA:254,1
LF:107
LH:69
BRDA:31,0,0,4
BRDA:31,0,1,2
BRDA:31,0,2,5
BRDA:31,0,3,1
BRDA:53,1,0,6
BRDA:53,1,1,21
BRDA:54,2,0,3
BRDA:54,2,1,3
BRDA:70,3,0,5
BRDA:70,3,1,8
BRDA:71,4,0,1
BRDA:71,4,1,7
BRDA:72,5,0,8
BRDA:72,5,1,7
BRDA:72,5,2,7
BRDA:72,5,3,7
BRDA:94,6,0,4
BRDA:94,6,1,6
BRDA:95,7,0,3
BRDA:95,7,1,1
BRDA:95,8,0,4
BRDA:95,8,1,3
BRDA:95,8,2,2
BRDA:95,8,3,2
BRDA:103,9,0,3
BRDA:103,9,1,3
BRDA:104,10,0,1
BRDA:104,10,1,2
BRDA:104,11,0,3
BRDA:104,11,1,3
BRDA:106,12,0,0
BRDA:106,12,1,2
BRDA:106,13,0,2
BRDA:106,13,1,1
BRDA:112,14,0,0
BRDA:112,14,1,3
BRDA:112,15,0,3
BRDA:112,15,1,3
BRDA:116,16,0,0
BRDA:116,16,1,3
BRDA:120,17,0,3
BRDA:120,17,1,0
BRDA:121,18,0,2
BRDA:121,18,1,1
BRDA:121,19,0,3
BRDA:121,19,1,2
BRDA:121,19,2,2
BRDA:121,19,3,2
BRDA:127,20,0,0
BRDA:127,20,1,1
BRDA:134,21,0,0
BRDA:134,21,1,0
BRDA:138,22,0,0
BRDA:138,22,1,0
BRDA:139,23,0,0
BRDA:139,23,1,0
BRDA:146,24,0,4
BRDA:146,24,1,6
BRDA:147,25,0,0
BRDA:147,25,1,4
BRDA:155,26,0,3
BRDA:155,26,1,7
BRDA:156,27,0,0
BRDA:156,27,1,3
BRDA:157,28,0,1
BRDA:157,28,1,2
BRDA:157,29,0,3
BRDA:157,29,1,3
BRDA:160,30,0,0
BRDA:160,30,1,10
BRDA:162,31,0,0
BRDA:162,31,1,0
BRDA:163,32,0,0
BRDA:163,32,1,0
BRDA:169,33,0,0
BRDA:169,33,1,10
BRDA:183,34,0,3
BRDA:183,34,1,3
BRDA:184,35,0,6
BRDA:184,35,1,5
BRDA:184,35,2,5
BRDA:184,35,3,3
BRDA:189,36,0,2
BRDA:189,36,1,1
BRDA:189,37,0,3
BRDA:189,37,1,2
BRDA:189,37,2,2
BRDA:189,37,3,2
BRDA:200,38,0,3
BRDA:200,38,1,0
BRDA:201,39,0,2
BRDA:201,39,1,1
BRDA:201,40,0,3
BRDA:201,40,1,3
BRDA:205,41,0,3
BRDA:205,41,1,0
BRDA:206,42,0,2
BRDA:206,42,1,1
BRDA:219,43,0,0
BRDA:219,43,1,0
BRDA:231,44,0,0
BRDA:231,44,1,0
BRDA:236,45,0,0
BRDA:236,45,1,0
BRDA:236,46,0,0
BRDA:236,46,1,0
BRDA:241,47,0,0
BRDA:241,47,1,0
BRDA:247,48,0,0
BRDA:247,48,1,0
BRF:110
BRH:77
end_of_record
